<?xml version="1.0" encoding="UTF-8"?>
<!-- Generated by org.testng.reporters.JUnitReportReporter -->
<testsuite hostname="DESKTOP-GDJRETO" failures="0" tests="2" name="com.mavenTestNgDemoPkg.TC_02_AnnotationsTest" time="16.962" errors="0" timestamp="04 Sep 2020 11:52:45 GMT" skipped="0">
  <testcase classname="com.mavenTestNgDemoPkg.TC_02_AnnotationsTest" name="searchWord" time="2.495"/>
  <testcase classname="com.mavenTestNgDemoPkg.TC_02_AnnotationsTest" name="visitpage" time="14.467"/>
</testsuite> <!-- com.mavenTestNgDemoPkg.TC_02_AnnotationsTest -->
