<?xml version="1.0" encoding="UTF-8"?>
<!-- Generated by org.testng.reporters.JUnitReportReporter -->
<testsuite hostname="DESKTOP-GDJRETO" failures="0" tests="1" name="com.mavenTestNgDemoPkg.TC_01_Test" time="25.590" errors="0" timestamp="04 Sep 2020 10:13:36 GMT" skipped="0">
  <testcase classname="com.mavenTestNgDemoPkg.TC_01_Test" name="testTakeScreenShot" time="25.590"/>
</testsuite> <!-- com.mavenTestNgDemoPkg.TC_01_Test -->
