<?xml version="1.0" encoding="UTF-8"?>
<!-- Generated by org.testng.reporters.JUnitReportReporter -->
<testsuite hostname="DESKTOP-GDJRETO" failures="0" tests="1" name="com.wipro.testcases.TC_01_Registration" time="51.380" errors="0" timestamp="05 Sep 2020 11:57:01 GMT" skipped="0">
  <testcase classname="com.wipro.testcases.TC_01_Registration" name="login" time="51.380"/>
</testsuite> <!-- com.wipro.testcases.TC_01_Registration -->
