<?xml version="1.0" encoding="UTF-8"?>
<!-- Generated by org.testng.reporters.JUnitReportReporter -->
<testsuite hostname="DESKTOP-GDJRETO" failures="0" tests="1" name="com.wipro.testcases.TC_002_Login_Edit_Ac_Info" time="52.693" errors="0" timestamp="06 Sep 2020 14:59:06 GMT" skipped="0">
  <testcase classname="com.wipro.testcases.TC_002_Login_Edit_Ac_Info" name="login" time="52.693"/>
</testsuite> <!-- com.wipro.testcases.TC_002_Login_Edit_Ac_Info -->
